[2025-11-25T03:39:19.442Z] [KELUAR] 📢 *Pengajuan Lembur* dari Rifqi Syekhi Marsaputra
Alasan: membuat chatbot
Jam: 17:00 - 20:00

*Balas pesan ini (QUOTE REPLY) dengan angka:*
1. Setuju ✅
2. Tidak Setuju ❌
[2025-11-25T03:39:39.417Z] [MASUK] 1
[2025-11-25T03:39:41.639Z] [KELUAR] Halo sakehservice! 👋
Ada yang bisa kami bantu hari ini?

Silakan pilih menu:
1. Pengajuan Lembur
2. Pengajuan Cuti
3. Chat Helpdesk

Ketik *angka* pilihan.
[2025-11-25T03:40:10.535Z] [MASUK] 1
[2025-11-25T03:40:14.769Z] [KELUAR] [APPROVAL] ✅ Disetujui untuk Rifqi Syekhi Marsaputra
[2025-11-25T05:57:25.511Z] [KELUAR] 📢 *Pengajuan Lembur* dari Rifqi Syekhi Marsaputra
Alasan: pembuatan chatbot
Jam: 17:00 - 20:00

*Balas pesan ini (QUOTE REPLY) dengan angka:*
1. Setuju ✅
2. Tidak Setuju ❌
[2025-11-25T05:57:38.212Z] [MASUK] 1
[2025-11-25T05:57:42.046Z] [KELUAR] [APPROVAL] ✅ Disetujui untuk Rifqi Syekhi Marsaputra
[2025-11-25T06:10:46.441Z] [KELUAR] 📢 *Pengajuan Lembur* dari Rifqi Syekhi Marsaputra
Alasan: membuat chatbot
Jam: 17:00 - 22:00

*Balas pesan ini (QUOTE REPLY) dengan angka:*
1. Setuju ✅
2. Tidak Setuju ❌
[2025-11-25T06:11:08.708Z] [MASUK] 1
[2025-11-25T06:11:13.500Z] [KELUAR] [APPROVAL] ✅ Disetujui untuk Rifqi Syekhi Marsaputra
[2025-11-25T06:13:52.580Z] [KELUAR] 📢 *Pengajuan Lembur* dari Rifqi Syekhi Marsaputra
Alasan: buat chatbot
Jam: 17:00 - 22:00

*Balas pesan ini (QUOTE REPLY) dengan angka:*
1. Setuju ✅
2. Tidak Setuju ❌
[2025-11-25T06:14:01.174Z] [MASUK] 1
[2025-11-25T06:14:06.644Z] [KELUAR] [APPROVAL] ✅ Disetujui untuk Rifqi Syekhi Marsaputra
[2025-11-25T06:25:39.619Z] [KELUAR] 📢 *Pengajuan Lembur* dari Rifqi Syekhi Marsaputra
Alasan: buat chatbot
Jam: 17:00 - 20:00

*Balas pesan ini (QUOTE REPLY) dengan angka:*
1. Setuju ✅
2. Tidak Setuju ❌
[2025-11-25T06:25:51.613Z] [MASUK] 1
[2025-11-25T06:25:56.430Z] [KELUAR] [APPROVAL] ✅ Disetujui untuk Rifqi Syekhi Marsaputra
[2025-11-25T06:29:06.505Z] [KELUAR] 📢 *Pengajuan Lembur* dari Rifqi Syekhi Marsaputra
Alasan: membuat chatbot
Jam: 17:00 - 22:00

*Balas pesan ini (QUOTE REPLY) dengan angka:*
1. Setuju ✅
2. Tidak Setuju ❌
[2025-11-25T06:29:16.032Z] [MASUK] 1
[2025-11-25T06:29:20.628Z] [KELUAR] [APPROVAL] ✅ Disetujui untuk Rifqi Syekhi Marsaputra
[2025-11-25T06:36:06.842Z] [KELUAR] 📢 *Pengajuan Lembur* dari Rifqi Syekhi Marsaputra
Alasan: membuat chatbot
Jam: 17:00 - 22:00

*Balas pesan ini (QUOTE REPLY) dengan angka:*
1. Setuju ✅
2. Tidak Setuju ❌
[2025-11-25T06:36:14.657Z] [MASUK] 1
[2025-11-25T06:36:20.484Z] [KELUAR] [APPROVAL] ✅ Disetujui untuk Rifqi Syekhi Marsaputra
[2025-11-25T06:41:22.240Z] [KELUAR] 📢 *Pengajuan Lembur* dari Rifqi Syekhi Marsaputra
Alasan: 1
Jam: 1 - 1

*Balas pesan ini (QUOTE REPLY) dengan angka:*
1. Setuju ✅
2. Tidak Setuju ❌
[2025-11-25T06:41:35.157Z] [MASUK] 1
[2025-11-25T06:41:39.654Z] [KELUAR] [APPROVAL] ✅ Disetujui untuk Rifqi Syekhi Marsaputra
[2025-11-25T06:47:04.510Z] [KELUAR] 📢 *Pengajuan Lembur* dari Rifqi Syekhi Marsaputra
Alasan: membuat chatbot
Jam: 16:00 - 22:00

*Balas pesan ini (QUOTE REPLY) dengan angka:*
1. Setuju ✅
2. Tidak Setuju ❌
[2025-11-25T06:47:15.874Z] [MASUK] 1
[2025-11-25T06:47:19.465Z] [KELUAR] [APPROVAL] ✅ Disetujui untuk Rifqi Syekhi Marsaputra
[2025-11-25T06:52:48.173Z] [KELUAR] 📢 *Pengajuan Lembur* dari Rifqi Syekhi Marsaputra
Alasan: 1
Jam: 17:00 - 20:00

*Balas pesan ini (QUOTE REPLY) dengan angka:*
1. Setuju ✅
2. Tidak Setuju ❌
[2025-11-25T06:53:43.530Z] [MASUK] 1
[2025-11-25T06:53:47.637Z] [KELUAR] [APPROVAL] ✅ Disetujui untuk Rifqi Syekhi Marsaputra
[2025-11-25T07:03:00.956Z] [KELUAR] 📢 *Pengajuan Lembur* dari Rifqi Syekhi Marsaputra
Alasan: membuat chatbot
Jam: 17:00 - 22:00

*Balas pesan ini (QUOTE REPLY) dengan angka:*
1. Setuju ✅
2. Tidak Setuju ❌
[2025-11-25T07:03:15.476Z] [MASUK] 1
[2025-11-25T07:03:20.470Z] [KELUAR] [APPROVAL] ✅ Disetujui untuk Rifqi Syekhi Marsaputra
[2025-11-25T07:14:05.107Z] [KELUAR] 📢 *Pengajuan Lembur* dari Rifqi Syekhi Marsaputra
Alasan: membuat chatbot
Jam: 17:00 - 20:00

*Balas pesan ini (QUOTE REPLY) dengan angka:*
1. Setuju ✅
2. Tidak Setuju ❌
[2025-11-25T07:14:27.583Z] [MASUK] 1
[2025-11-25T07:14:31.155Z] [KELUAR] [APPROVAL] ✅ Disetujui untuk Rifqi Syekhi Marsaputra
[2025-11-25T07:25:04.421Z] [KELUAR] 📢 *Pengajuan Lembur* dari Rifqi Syekhi Marsaputra
Alasan: membuat  chatbot
Jam: 17:00 - 22:00

*Balas pesan ini (QUOTE REPLY) dengan angka:*
1. Setuju ✅
2. Tidak Setuju ❌
[2025-11-25T07:25:20.430Z] [MASUK] 1
[2025-11-25T07:25:23.699Z] [KELUAR] [APPROVAL] ✅ Disetujui untuk Rifqi Syekhi Marsaputra
[2025-11-25T07:33:09.858Z] [KELUAR] 📢 *Pengajuan Lembur* dari Rifqi Syekhi Marsaputra
Alasan: membuat chatbot
Jam: 17:00 - 20:00

*Balas pesan ini (QUOTE REPLY) dengan angka:*
1. Setuju ✅
2. Tidak Setuju ❌
[2025-11-25T07:33:53.080Z] [MASUK] 1
[2025-11-25T07:33:58.600Z] [KELUAR] [APPROVAL] ✅ Disetujui untuk Rifqi Syekhi Marsaputra
[2025-11-25T07:43:48.057Z] [KELUAR] 📢 *Pengajuan Lembur* dari Rifqi Syekhi Marsaputra
Alasan: pembuatan chatbot
Jam: 16:00 - 22:00

*Balas pesan ini (QUOTE REPLY) dengan angka:*
1. Setuju ✅
2. Tidak Setuju ❌
[2025-11-25T07:43:56.022Z] [MASUK] 1
[2025-11-25T07:44:00.070Z] [KELUAR] [APPROVAL] ✅ Disetujui untuk Rifqi Syekhi Marsaputra
[2025-11-25T07:58:23.795Z] [KELUAR] 📢 *Pengajuan Lembur* dari Rifqi Syekhi Marsaputra
Alasan: membuat chatbot
Jam: 17:00 - 22:00

*Balas pesan ini (QUOTE REPLY) dengan angka:*
1. Setuju ✅
2. Tidak Setuju ❌
[2025-11-25T07:58:35.554Z] [MASUK] 1
[2025-11-25T07:58:40.999Z] [KELUAR] [APPROVAL] ✅ Disetujui untuk Rifqi Syekhi Marsaputra
[2025-11-25T08:06:07.393Z] [KELUAR] 📢 *Pengajuan Lembur* dari Rifqi Syekhi Marsaputra
Alasan: 1
Jam: 16:00 - 22:00

*Balas pesan ini (QUOTE REPLY) dengan angka:*
1. Setuju ✅
2. Tidak Setuju ❌
[2025-11-25T08:06:31.691Z] [MASUK] 1
[2025-11-25T08:06:36.945Z] [KELUAR] [APPROVAL] ✅ Disetujui untuk Rifqi Syekhi Marsaputra
[2025-11-25T08:20:22.391Z] [KELUAR] 📢 *Pengajuan Lembur* dari Rifqi Syekhi Marsaputra
Alasan: membuat chatbot
Jam: 17:00 - 22:00

*Balas pesan ini (QUOTE REPLY) dengan angka:*
1. Setuju ✅
2. Tidak Setuju ❌
[2025-11-25T08:20:50.594Z] [MASUK] 1
[2025-11-25T08:20:54.204Z] [KELUAR] [APPROVAL] ✅ Disetujui untuk Rifqi Syekhi Marsaputra
[2025-11-25T08:26:53.649Z] [KELUAR] 📢 *Pengajuan Lembur* dari Rifqi Syekhi Marsaputra
Alasan: MEMBUAT CHATTIME
Jam: 17:00 - 22:00

*Balas pesan ini (QUOTE REPLY) dengan angka:*
1. Setuju ✅
2. Tidak Setuju ❌
[2025-11-25T08:27:07.166Z] [MASUK] 1
[2025-11-25T08:27:11.104Z] [KELUAR] [APPROVAL] ✅ Disetujui untuk Rifqi Syekhi Marsaputra
[2025-11-25T08:34:18.379Z] [KELUAR] 📢 *Pengajuan Lembur* dari Rifqi Syekhi Marsaputra
Alasan: membuat chatbot
Jam: 16:00 - 17:00

*Balas pesan ini (QUOTE REPLY) dengan angka:*
1. Setuju ✅
2. Tidak Setuju ❌
[2025-11-25T08:34:45.448Z] [MASUK] 1
[2025-11-25T08:34:50.287Z] [KELUAR] [APPROVAL] ✅ Disetujui untuk Rifqi Syekhi Marsaputra
[2025-11-25T08:42:07.150Z] [KELUAR] 📢 *Pengajuan Lembur* dari Rifqi Syekhi Marsaputra
Alasan: membuat chatbottt
Jam: 16:00 - 22:00

*Balas pesan ini (QUOTE REPLY) dengan angka:*
1. Setuju ✅
2. Tidak Setuju ❌
[2025-11-25T08:42:23.830Z] [MASUK] 1
[2025-11-25T08:42:27.236Z] [KELUAR] [APPROVAL] ✅ Disetujui untuk Rifqi Syekhi Marsaputra
[2025-11-25T08:46:37.175Z] [KELUAR] 📢 *Pengajuan Lembur* dari Rifqi Syekhi Marsaputra
Alasan: membuat chatbot loh ya
Jam: 16:00 - 22:00

*Balas pesan ini (QUOTE REPLY) dengan angka:*
1. Setuju ✅
2. Tidak Setuju ❌
[2025-11-25T08:46:56.193Z] [MASUK] 1
[2025-11-25T08:47:00.859Z] [KELUAR] [APPROVAL] ✅ Disetujui untuk Rifqi Syekhi Marsaputra
[2025-11-26T07:15:04.820Z] [KELUAR] 📢 *Pengajuan Cuti* dari Rifqi Syekhi Marsaputra
Alasan: lahiran anak

*Balas pesan ini (QUOTE REPLY) dengan angka:*
1. Setuju ✅
2. Tidak Setuju ❌
[2025-11-26T07:15:22.338Z] [MASUK] 1
[2025-11-26T07:15:33.812Z] [KELUAR] [APPROVAL] ✅ Disetujui untuk Rifqi Syekhi Marsaputra
[2025-11-26T07:24:40.599Z] [KELUAR] 📢 *Pengajuan Lembur* dari Rifqi Syekhi Marsaputra
Alasan: membuat chatbot
Jam: 16:00 - 22:00

*Balas pesan ini (QUOTE REPLY) dengan angka:*
1. Setuju ✅
2. Tidak Setuju ❌
[2025-11-26T07:25:03.402Z] [MASUK] 1
[2025-11-26T07:25:09.229Z] [KELUAR] [APPROVAL] ✅ Disetujui untuk Rifqi Syekhi Marsaputra
[2025-11-26T08:33:46.083Z] [KELUAR] 📢 *Pengajuan Lembur* dari Rifqi Syekhi Marsaputra
Alasan: membuat chatbot
Jam: 16:00 - 22:00

*Balas pesan ini (QUOTE REPLY) dengan angka:*
1. Setuju ✅
2. Tidak Setuju ❌
[2025-11-26T08:33:54.820Z] [MASUK] 1
[2025-11-26T08:33:59.532Z] [KELUAR] [APPROVAL] ✅ Disetujui untuk Rifqi Syekhi Marsaputra
[2025-11-26T08:46:11.460Z] [KELUAR] 📢 *Pengajuan Lembur* dari Rifqi Syekhi Marsaputra
Alasan: membuat chatbot
Jam: 16:00 - 18:00

*Balas pesan ini (QUOTE REPLY) dengan angka:*
1. Setuju ✅
2. Tidak Setuju ❌
[2025-11-26T08:46:24.110Z] [MASUK] 1
[2025-11-26T08:46:28.605Z] [KELUAR] [APPROVAL] ✅ Disetujui untuk Rifqi Syekhi Marsaputra
[2025-11-26T08:50:11.511Z] [KELUAR] 📢 *Pengajuan Lembur* dari Rifqi Syekhi Marsaputra
Alasan: Membuat chatbot
Jam: 16:00 - 22:00

*Balas pesan ini (QUOTE REPLY) dengan angka:*
1. Setuju ✅
2. Tidak Setuju ❌
[2025-11-26T08:50:20.433Z] [MASUK] 1
[2025-11-26T08:50:25.207Z] [KELUAR] [APPROVAL] ✅ Disetujui untuk Rifqi Syekhi Marsaputra
[2025-11-26T09:03:46.614Z] [KELUAR] 📢 *Pengajuan Lembur* dari Rifqi Syekhi Marsaputra
Alasan: Membuat chatbot loh ya
Jam: 16:00 - 18:00 (2 jam 0 menit)

*Balas pesan ini (QUOTE REPLY) dengan angka:*
1. Setuju ✅
2. Tidak Setuju ❌
[2025-11-26T09:03:55.352Z] [MASUK] 1
[2025-11-26T09:04:01.312Z] [KELUAR] [APPROVAL] ✅ Disetujui untuk Rifqi Syekhi Marsaputra
